[2024-03-29 09:36:29.516 +05:30  INF]  Now listening on: https://localhost:7112
[2024-03-29 09:36:29.577 +05:30  INF]  Now listening on: http://localhost:5083
[2024-03-29 09:36:29.587 +05:30  INF]  Application started. Press Ctrl+C to shut down.
[2024-03-29 09:36:29.588 +05:30  INF]  Hosting environment: Development
[2024-03-29 09:36:29.588 +05:30  INF]  Content root path: F:\Deep - 380\Training\DotNet Core Training\Final Demo\SeriLogDemo\SeriLogDemo\
[2024-03-29 09:36:30.457 +05:30  INF]  Request starting HTTP/2 GET https://localhost:7112/swagger - -
[2024-03-29 09:36:30.640 +05:30  INF]  Request finished HTTP/2 GET https://localhost:7112/swagger - - - 301 0 - 192.0561ms
[2024-03-29 09:36:30.660 +05:30  INF]  Request starting HTTP/2 GET https://localhost:7112/swagger/index.html - -
[2024-03-29 09:36:31.236 +05:30  INF]  Request starting HTTP/2 GET https://localhost:7112/swagger/swagger-ui-bundle.js - -
[2024-03-29 09:36:31.237 +05:30  INF]  Request starting HTTP/2 GET https://localhost:7112/swagger/swagger-ui.css - -
[2024-03-29 09:36:31.241 +05:30  INF]  Request starting HTTP/2 GET https://localhost:7112/swagger/swagger-ui-standalone-preset.js - -
[2024-03-29 09:36:31.242 +05:30  INF]  Request starting HTTP/2 GET https://localhost:7112/_framework/aspnetcore-browser-refresh.js - -
[2024-03-29 09:36:31.257 +05:30  INF]  Request starting HTTP/2 GET https://localhost:7112/_vs/browserLink - -
[2024-03-29 09:36:31.367 +05:30  INF]  Request finished HTTP/2 GET https://localhost:7112/_framework/aspnetcore-browser-refresh.js - - - 200 11992 application/javascript;+charset=utf-8 125.6526ms
[2024-03-29 09:36:31.369 +05:30  INF]  Request finished HTTP/2 GET https://localhost:7112/swagger/index.html - - - 200 - text/html;charset=utf-8 708.8704ms
[2024-03-29 09:36:31.496 +05:30  INF]  Sending file. Request path: '/swagger-ui.css'. Physical path: 'N/A'
[2024-03-29 09:36:31.530 +05:30  INF]  Request finished HTTP/2 GET https://localhost:7112/swagger/swagger-ui.css - - - 200 143632 text/css 292.7918ms
[2024-03-29 09:36:31.553 +05:30  INF]  Sending file. Request path: '/swagger-ui-standalone-preset.js'. Physical path: 'N/A'
[2024-03-29 09:36:31.555 +05:30  INF]  Request finished HTTP/2 GET https://localhost:7112/swagger/swagger-ui-standalone-preset.js - - - 200 337162 application/javascript 314.2778ms
[2024-03-29 09:36:31.629 +05:30  INF]  Sending file. Request path: '/swagger-ui-bundle.js'. Physical path: 'N/A'
[2024-03-29 09:36:31.633 +05:30  INF]  Request finished HTTP/2 GET https://localhost:7112/swagger/swagger-ui-bundle.js - - - 200 1092889 application/javascript 396.8764ms
[2024-03-29 09:36:31.647 +05:30  INF]  Request finished HTTP/2 GET https://localhost:7112/_vs/browserLink - - - 200 - text/javascript;+charset=UTF-8 390.1528ms
[2024-03-29 09:36:31.897 +05:30  INF]  Request starting HTTP/2 GET https://localhost:7112/swagger/v1/swagger.json - -
[2024-03-29 09:36:31.986 +05:30  INF]  Request starting HTTP/2 GET https://localhost:7112/swagger/favicon-32x32.png - -
[2024-03-29 09:36:31.987 +05:30  INF]  Sending file. Request path: '/favicon-32x32.png'. Physical path: 'N/A'
[2024-03-29 09:36:31.987 +05:30  INF]  Request finished HTTP/2 GET https://localhost:7112/swagger/favicon-32x32.png - - - 200 628 image/png 1.5231ms
[2024-03-29 09:36:32.127 +05:30  INF]  Request finished HTTP/2 GET https://localhost:7112/swagger/v1/swagger.json - - - 200 - application/json;charset=utf-8 230.2652ms
[2024-03-29 09:36:36.624 +05:30  INF]  Request starting HTTP/2 GET https://localhost:7112/WeatherForecast - -
[2024-03-29 09:36:36.632 +05:30  INF]  Executing endpoint 'SeriLogDemo.Controllers.WeatherForecastController.Get (SeriLogDemo)'
[2024-03-29 09:36:36.666 +05:30  INF]  Route matched with {action = "Get", controller = "WeatherForecast"}. Executing controller action with signature System.Collections.Generic.IEnumerable`1[SeriLogDemo.WeatherForecast] Get() on controller SeriLogDemo.Controllers.WeatherForecastController (SeriLogDemo).
[2024-03-29 09:36:39.982 +05:30  INF]  GetWeatherForecast returns the data.
[2024-03-29 09:36:48.177 +05:30  INF]  Executing ObjectResult, writing value of type 'SeriLogDemo.WeatherForecast[]'.
[2024-03-29 09:36:48.317 +05:30  INF]  Executed action SeriLogDemo.Controllers.WeatherForecastController.Get (SeriLogDemo) in 11643.1968ms
[2024-03-29 09:36:48.321 +05:30  INF]  Executed endpoint 'SeriLogDemo.Controllers.WeatherForecastController.Get (SeriLogDemo)'
[2024-03-29 09:36:48.321 +05:30  INF]  Request finished HTTP/2 GET https://localhost:7112/WeatherForecast - - - 200 - application/json;+charset=utf-8 11697.1903ms
[2024-03-29 09:38:28.065 +05:30  INF]  Now listening on: https://localhost:7112
[2024-03-29 09:38:28.121 +05:30  INF]  Now listening on: http://localhost:5083
[2024-03-29 09:38:28.134 +05:30  INF]  Application started. Press Ctrl+C to shut down.
[2024-03-29 09:38:28.139 +05:30  INF]  Hosting environment: Development
[2024-03-29 09:38:28.139 +05:30  INF]  Content root path: F:\Deep - 380\Training\DotNet Core Training\Final Demo\SeriLogDemo\SeriLogDemo\
[2024-03-29 09:38:29.144 +05:30  INF]  Request starting HTTP/2 GET https://localhost:7112/swagger/index.html - -
[2024-03-29 09:38:30.398 +05:30  INF]  Request starting HTTP/2 GET https://localhost:7112/_framework/aspnetcore-browser-refresh.js - -
[2024-03-29 09:38:30.408 +05:30  INF]  Request finished HTTP/2 GET https://localhost:7112/swagger/index.html - - - 200 - text/html;charset=utf-8 1287.1795ms
[2024-03-29 09:38:30.427 +05:30  INF]  Request finished HTTP/2 GET https://localhost:7112/_framework/aspnetcore-browser-refresh.js - - - 200 11992 application/javascript;+charset=utf-8 7.4839ms
[2024-03-29 09:38:30.481 +05:30  INF]  Request starting HTTP/2 GET https://localhost:7112/_vs/browserLink - -
[2024-03-29 09:38:31.057 +05:30  INF]  Request finished HTTP/2 GET https://localhost:7112/_vs/browserLink - - - 200 - text/javascript;+charset=UTF-8 575.8407ms
[2024-03-29 09:38:31.181 +05:30  INF]  Request starting HTTP/2 GET https://localhost:7112/swagger/v1/swagger.json - -
[2024-03-29 09:38:31.426 +05:30  INF]  Request finished HTTP/2 GET https://localhost:7112/swagger/v1/swagger.json - - - 200 - application/json;charset=utf-8 245.2569ms
[2024-03-29 09:38:34.000 +05:30  INF]  Request starting HTTP/2 GET https://localhost:7112/WeatherForecast - -
[2024-03-29 09:38:34.009 +05:30  INF]  Executing endpoint 'SeriLogDemo.Controllers.WeatherForecastController.Get (SeriLogDemo)'
[2024-03-29 09:38:34.047 +05:30  INF]  Route matched with {action = "Get", controller = "WeatherForecast"}. Executing controller action with signature System.Collections.Generic.IEnumerable`1[SeriLogDemo.WeatherForecast] Get() on controller SeriLogDemo.Controllers.WeatherForecastController (SeriLogDemo).
[2024-03-29 09:38:34.050 +05:30  INF]  GetWeatherForecast returns the data.
[2024-03-29 09:38:34.064 +05:30  INF]  Executing ObjectResult, writing value of type 'SeriLogDemo.WeatherForecast[]'.
[2024-03-29 09:38:34.101 +05:30  INF]  Executed action SeriLogDemo.Controllers.WeatherForecastController.Get (SeriLogDemo) in 45.5443ms
[2024-03-29 09:38:34.106 +05:30  INF]  Executed endpoint 'SeriLogDemo.Controllers.WeatherForecastController.Get (SeriLogDemo)'
[2024-03-29 09:38:34.107 +05:30  INF]  Request finished HTTP/2 GET https://localhost:7112/WeatherForecast - - - 200 - application/json;+charset=utf-8 106.5002ms
